{
  "stats": {
    "suites": 1,
    "tests": 1,
    "passes": 1,
    "pending": 0,
    "failures": 0,
    "start": "2026-01-16T12:48:54.964Z",
    "end": "2026-01-16T12:49:32.705Z",
    "duration": 37741,
    "testsRegistered": 1,
    "passPercent": 100,
    "pendingPercent": 0,
    "other": 0,
    "hasOther": false,
    "skipped": 0,
    "hasSkipped": false
  },
  "results": [
    {
      "uuid": "c8228708-8358-4ac7-851d-038a148e77b7",
      "title": "",
      "fullFile": "cypress\\e2e\\funcional\\player-controls.cy.js",
      "file": "cypress\\e2e\\funcional\\player-controls.cy.js",
      "beforeHooks": [],
      "afterHooks": [],
      "tests": [],
      "suites": [
        {
          "uuid": "dd076a49-d288-4a3c-a289-6a082f382212",
          "title": "Funcional - Player",
          "fullFile": "",
          "file": "",
          "beforeHooks": [],
          "afterHooks": [],
          "tests": [
            {
              "title": "Deve tocar e pausar o vídeo",
              "fullTitle": "Funcional - Player Deve tocar e pausar o vídeo",
              "timedOut": null,
              "duration": 36761,
              "state": "passed",
              "speed": "slow",
              "pass": true,
              "fail": false,
              "pending": false,
              "context": null,
              "code": "cy.visit('https://www.youtube.com/watch?v=4iuO49jbovg&list=RD4iuO49jbovg&start_radio=1');\n_VideoPlayer.default.play();\n_VideoPlayer.default.pause();",
              "err": {},
              "uuid": "86cb7a37-70ff-4258-bbd4-a0623c0b5198",
              "parentUUID": "dd076a49-d288-4a3c-a289-6a082f382212",
              "isHook": false,
              "skipped": false
            }
          ],
          "suites": [],
          "passes": [
            "86cb7a37-70ff-4258-bbd4-a0623c0b5198"
          ],
          "failures": [],
          "pending": [],
          "skipped": [],
          "duration": 36761,
          "root": false,
          "rootEmpty": false,
          "_timeout": 2000
        }
      ],
      "passes": [],
      "failures": [],
      "pending": [],
      "skipped": [],
      "duration": 0,
      "root": true,
      "rootEmpty": true,
      "_timeout": 2000
    }
  ],
  "meta": {
    "mocha": {
      "version": "7.2.0"
    },
    "mochawesome": {
      "options": {
        "quiet": false,
        "reportFilename": "mochawesome",
        "saveHtml": false,
        "saveJson": true,
        "consoleReporter": "spec",
        "useInlineDiffs": false,
        "code": true
      },
      "version": "7.1.4"
    },
    "marge": {
      "options": {
        "reportDir": "cypress/reports",
        "overwrite": false,
        "html": false,
        "json": true,
        "timestamp": "yyyy-mm-dd_HH-MM-ss"
      },
      "version": "6.3.2"
    }
  }
}