{
  "stats": {
    "suites": 1,
    "tests": 1,
    "passes": 1,
    "pending": 0,
    "failures": 0,
    "start": "2026-01-14T15:59:37.000Z",
    "end": "2026-01-14T15:59:58.743Z",
    "duration": 21743,
    "testsRegistered": 1,
    "passPercent": 100,
    "pendingPercent": 0,
    "other": 0,
    "hasOther": false,
    "skipped": 0,
    "hasSkipped": false
  },
  "results": [
    {
      "uuid": "5466f734-bf61-472c-adc9-d0b705e4ac02",
      "title": "",
      "fullFile": "cypress\\e2e\\smoke\\search.cy.js",
      "file": "cypress\\e2e\\smoke\\search.cy.js",
      "beforeHooks": [],
      "afterHooks": [],
      "tests": [],
      "suites": [
        {
          "uuid": "9ffe66b1-cb33-4e29-9477-38fa9e96392f",
          "title": "Smoke - Busca",
          "fullFile": "",
          "file": "",
          "beforeHooks": [],
          "afterHooks": [],
          "tests": [
            {
              "title": "Deve realizar uma busca no YouTube",
              "fullTitle": "Smoke - Busca Deve realizar uma busca no YouTube",
              "timedOut": null,
              "duration": 21145,
              "state": "passed",
              "speed": "slow",
              "pass": true,
              "fail": false,
              "pending": false,
              "context": null,
              "code": "_YouTubeHomePage.default.visit();\n_YouTubeHomePage.default.validateSearchInputVisible();\n_YouTubeHomePage.default.searchFor('Teste de Software do Zero');\n_YouTubeHomePage.default.validateSearchResults();",
              "err": {},
              "uuid": "ab04181c-b1cc-4574-84ff-fd5cca6f6d6a",
              "parentUUID": "9ffe66b1-cb33-4e29-9477-38fa9e96392f",
              "isHook": false,
              "skipped": false
            }
          ],
          "suites": [],
          "passes": [
            "ab04181c-b1cc-4574-84ff-fd5cca6f6d6a"
          ],
          "failures": [],
          "pending": [],
          "skipped": [],
          "duration": 21145,
          "root": false,
          "rootEmpty": false,
          "_timeout": 2000
        }
      ],
      "passes": [],
      "failures": [],
      "pending": [],
      "skipped": [],
      "duration": 0,
      "root": true,
      "rootEmpty": true,
      "_timeout": 2000
    }
  ],
  "meta": {
    "mocha": {
      "version": "7.2.0"
    },
    "mochawesome": {
      "options": {
        "quiet": false,
        "reportFilename": "mochawesome",
        "saveHtml": false,
        "saveJson": true,
        "consoleReporter": "spec",
        "useInlineDiffs": false,
        "code": true
      },
      "version": "7.1.4"
    },
    "marge": {
      "options": {
        "reportDir": "cypress/reports",
        "overwrite": false,
        "html": false,
        "json": true,
        "timestamp": "yyyy-mm-dd_HH-MM-ss"
      },
      "version": "6.3.2"
    }
  }
}