{
  "stats": {
    "suites": 1,
    "tests": 1,
    "passes": 1,
    "pending": 0,
    "failures": 0,
    "start": "2026-01-14T16:40:54.996Z",
    "end": "2026-01-14T16:41:22.164Z",
    "duration": 27168,
    "testsRegistered": 1,
    "passPercent": 100,
    "pendingPercent": 0,
    "other": 0,
    "hasOther": false,
    "skipped": 0,
    "hasSkipped": false
  },
  "results": [
    {
      "uuid": "868c83b5-095d-45d0-8073-13d96c45f3fd",
      "title": "",
      "fullFile": "cypress\\e2e\\funcional\\navigation.cy.js",
      "file": "cypress\\e2e\\funcional\\navigation.cy.js",
      "beforeHooks": [],
      "afterHooks": [],
      "tests": [],
      "suites": [
        {
          "uuid": "d3ab10ce-4a5f-4c87-817e-596fc4e4b3b0",
          "title": "Funcional - Navegação",
          "fullFile": "",
          "file": "",
          "beforeHooks": [],
          "afterHooks": [],
          "tests": [
            {
              "title": "Deve navegar até um vídeo",
              "fullTitle": "Funcional - Navegação Deve navegar até um vídeo",
              "timedOut": null,
              "duration": 25694,
              "state": "passed",
              "speed": "slow",
              "pass": true,
              "fail": false,
              "pending": false,
              "context": null,
              "code": "_YoutubeHomePage.default.visit();\n_SearchPage.default.search('Cypress testing');\n_SearchPage.default.firstResult().click();\ncy.get('video').should('exist');",
              "err": {},
              "uuid": "88e5c7f5-e478-419b-abda-296df5a02b65",
              "parentUUID": "d3ab10ce-4a5f-4c87-817e-596fc4e4b3b0",
              "isHook": false,
              "skipped": false
            }
          ],
          "suites": [],
          "passes": [
            "88e5c7f5-e478-419b-abda-296df5a02b65"
          ],
          "failures": [],
          "pending": [],
          "skipped": [],
          "duration": 25694,
          "root": false,
          "rootEmpty": false,
          "_timeout": 2000
        }
      ],
      "passes": [],
      "failures": [],
      "pending": [],
      "skipped": [],
      "duration": 0,
      "root": true,
      "rootEmpty": true,
      "_timeout": 2000
    }
  ],
  "meta": {
    "mocha": {
      "version": "7.2.0"
    },
    "mochawesome": {
      "options": {
        "quiet": false,
        "reportFilename": "mochawesome",
        "saveHtml": false,
        "saveJson": true,
        "consoleReporter": "spec",
        "useInlineDiffs": false,
        "code": true
      },
      "version": "7.1.4"
    },
    "marge": {
      "options": {
        "reportDir": "cypress/reports",
        "overwrite": false,
        "html": false,
        "json": true,
        "timestamp": "yyyy-mm-dd_HH-MM-ss"
      },
      "version": "6.3.2"
    }
  }
}