{
  "stats": {
    "suites": 1,
    "tests": 1,
    "passes": 0,
    "pending": 0,
    "failures": 1,
    "start": "2026-01-16T12:39:36.560Z",
    "end": "2026-01-16T12:40:40.087Z",
    "duration": 63527,
    "testsRegistered": 1,
    "passPercent": 0,
    "pendingPercent": 0,
    "other": 0,
    "hasOther": false,
    "skipped": 0,
    "hasSkipped": false
  },
  "results": [
    {
      "uuid": "aca1e621-e677-4e0f-9be4-8d70611eafb0",
      "title": "",
      "fullFile": "cypress\\e2e\\funcional\\player-controls.cy.js",
      "file": "cypress\\e2e\\funcional\\player-controls.cy.js",
      "beforeHooks": [],
      "afterHooks": [],
      "tests": [],
      "suites": [
        {
          "uuid": "0a5fe02f-91e3-4a29-9253-7a7f2c2e270b",
          "title": "Funcional - Player",
          "fullFile": "",
          "file": "",
          "beforeHooks": [],
          "afterHooks": [],
          "tests": [
            {
              "title": "Deve tocar e pausar o vídeo",
              "fullTitle": "Funcional - Player Deve tocar e pausar o vídeo",
              "timedOut": null,
              "duration": 26921,
              "state": "failed",
              "speed": null,
              "pass": false,
              "fail": true,
              "pending": false,
              "context": null,
              "code": "cy.visit('https://www.youtube.com/watch?v=dQw4w9WgXcQ');\n_VideoPlayer.default.play();\n_VideoPlayer.default.pause();",
              "err": {
                "message": "AssertionError: Timed out retrying after 10000ms: Expected to find element: `button[aria-label=\"Play\"]`, but never found it.",
                "estack": "AssertionError: Timed out retrying after 10000ms: Expected to find element: `button[aria-label=\"Play\"]`, but never found it.\n    at VideoPlayer.play (webpack://youtube-tests/./cypress/shared/components/VideoPlayer.js:3:7)\n    at Context.eval (webpack://youtube-tests/./cypress/e2e/funcional/player-controls.cy.js:7:16)",
                "diff": null
              },
              "uuid": "2f1a016f-092a-44e1-a868-bd88209e1fbc",
              "parentUUID": "0a5fe02f-91e3-4a29-9253-7a7f2c2e270b",
              "isHook": false,
              "skipped": false
            }
          ],
          "suites": [],
          "passes": [],
          "failures": [
            "2f1a016f-092a-44e1-a868-bd88209e1fbc"
          ],
          "pending": [],
          "skipped": [],
          "duration": 26921,
          "root": false,
          "rootEmpty": false,
          "_timeout": 2000
        }
      ],
      "passes": [],
      "failures": [],
      "pending": [],
      "skipped": [],
      "duration": 0,
      "root": true,
      "rootEmpty": true,
      "_timeout": 2000
    }
  ],
  "meta": {
    "mocha": {
      "version": "7.2.0"
    },
    "mochawesome": {
      "options": {
        "quiet": false,
        "reportFilename": "mochawesome",
        "saveHtml": false,
        "saveJson": true,
        "consoleReporter": "spec",
        "useInlineDiffs": false,
        "code": true
      },
      "version": "7.1.4"
    },
    "marge": {
      "options": {
        "reportDir": "cypress/reports",
        "overwrite": false,
        "html": false,
        "json": true,
        "timestamp": "yyyy-mm-dd_HH-MM-ss"
      },
      "version": "6.3.2"
    }
  }
}