{
  "stats": {
    "suites": 1,
    "tests": 1,
    "passes": 1,
    "pending": 0,
    "failures": 0,
    "start": "2026-01-14T15:59:07.484Z",
    "end": "2026-01-14T15:59:26.172Z",
    "duration": 18688,
    "testsRegistered": 1,
    "passPercent": 100,
    "pendingPercent": 0,
    "other": 0,
    "hasOther": false,
    "skipped": 0,
    "hasSkipped": false
  },
  "results": [
    {
      "uuid": "9dbe922c-ed1c-49ba-b4a1-0635fb1a6c73",
      "title": "",
      "fullFile": "cypress\\e2e\\smoke\\homepage.cy.js",
      "file": "cypress\\e2e\\smoke\\homepage.cy.js",
      "beforeHooks": [],
      "afterHooks": [],
      "tests": [],
      "suites": [
        {
          "uuid": "65dcda5c-b97f-462c-89d1-43be598c6bc1",
          "title": "Smoke - Homepage",
          "fullFile": "",
          "file": "",
          "beforeHooks": [],
          "afterHooks": [],
          "tests": [
            {
              "title": "Deve carregar a página do YouTube",
              "fullTitle": "Smoke - Homepage Deve carregar a página do YouTube",
              "timedOut": null,
              "duration": 18484,
              "state": "passed",
              "speed": "slow",
              "pass": true,
              "fail": false,
              "pending": false,
              "context": null,
              "code": "_YouTubeHomePage.default.visit();\n_YouTubeHomePage.default.validateTitle();\n_YouTubeHomePage.default.validateSearchInputVisible();",
              "err": {},
              "uuid": "9b6f3a6e-d70c-4b9d-bf6e-14601d805043",
              "parentUUID": "65dcda5c-b97f-462c-89d1-43be598c6bc1",
              "isHook": false,
              "skipped": false
            }
          ],
          "suites": [],
          "passes": [
            "9b6f3a6e-d70c-4b9d-bf6e-14601d805043"
          ],
          "failures": [],
          "pending": [],
          "skipped": [],
          "duration": 18484,
          "root": false,
          "rootEmpty": false,
          "_timeout": 2000
        }
      ],
      "passes": [],
      "failures": [],
      "pending": [],
      "skipped": [],
      "duration": 0,
      "root": true,
      "rootEmpty": true,
      "_timeout": 2000
    }
  ],
  "meta": {
    "mocha": {
      "version": "7.2.0"
    },
    "mochawesome": {
      "options": {
        "quiet": false,
        "reportFilename": "mochawesome",
        "saveHtml": false,
        "saveJson": true,
        "consoleReporter": "spec",
        "useInlineDiffs": false,
        "code": true
      },
      "version": "7.1.4"
    },
    "marge": {
      "options": {
        "reportDir": "cypress/reports",
        "overwrite": false,
        "html": false,
        "json": true,
        "timestamp": "yyyy-mm-dd_HH-MM-ss"
      },
      "version": "6.3.2"
    }
  }
}