{
  "stats": {
    "suites": 1,
    "tests": 1,
    "passes": 1,
    "pending": 0,
    "failures": 0,
    "start": "2026-01-14T16:34:24.098Z",
    "end": "2026-01-14T16:34:47.084Z",
    "duration": 22986,
    "testsRegistered": 1,
    "passPercent": 100,
    "pendingPercent": 0,
    "other": 0,
    "hasOther": false,
    "skipped": 0,
    "hasSkipped": false
  },
  "results": [
    {
      "uuid": "6aa4bee4-f56b-4b13-b774-d940d27ed64c",
      "title": "",
      "fullFile": "cypress\\e2e\\funcional\\navigation.cy.js",
      "file": "cypress\\e2e\\funcional\\navigation.cy.js",
      "beforeHooks": [],
      "afterHooks": [],
      "tests": [],
      "suites": [
        {
          "uuid": "a3c565c5-3db5-4e3e-bffc-f63bd0f72366",
          "title": "Funcional - Navegação",
          "fullFile": "",
          "file": "",
          "beforeHooks": [],
          "afterHooks": [],
          "tests": [
            {
              "title": "Deve navegar até um vídeo",
              "fullTitle": "Funcional - Navegação Deve navegar até um vídeo",
              "timedOut": null,
              "duration": 18695,
              "state": "passed",
              "speed": "slow",
              "pass": true,
              "fail": false,
              "pending": false,
              "context": null,
              "code": "cy.visit('https://www.youtube.com');\n_SearchPage.default.search('Cypress testing');\n_SearchPage.default.firstResult().click();\ncy.get('video').should('exist');",
              "err": {},
              "uuid": "e9a981c5-78f6-4f1a-ad11-400ee7f891c7",
              "parentUUID": "a3c565c5-3db5-4e3e-bffc-f63bd0f72366",
              "isHook": false,
              "skipped": false
            }
          ],
          "suites": [],
          "passes": [
            "e9a981c5-78f6-4f1a-ad11-400ee7f891c7"
          ],
          "failures": [],
          "pending": [],
          "skipped": [],
          "duration": 18695,
          "root": false,
          "rootEmpty": false,
          "_timeout": 2000
        }
      ],
      "passes": [],
      "failures": [],
      "pending": [],
      "skipped": [],
      "duration": 0,
      "root": true,
      "rootEmpty": true,
      "_timeout": 2000
    }
  ],
  "meta": {
    "mocha": {
      "version": "7.2.0"
    },
    "mochawesome": {
      "options": {
        "quiet": false,
        "reportFilename": "mochawesome",
        "saveHtml": false,
        "saveJson": true,
        "consoleReporter": "spec",
        "useInlineDiffs": false,
        "code": true
      },
      "version": "7.1.4"
    },
    "marge": {
      "options": {
        "reportDir": "cypress/reports",
        "overwrite": false,
        "html": false,
        "json": true,
        "timestamp": "yyyy-mm-dd_HH-MM-ss"
      },
      "version": "6.3.2"
    }
  }
}