{
  "stats": {
    "suites": 1,
    "tests": 1,
    "passes": 1,
    "pending": 0,
    "failures": 0,
    "start": "2026-01-16T12:45:39.348Z",
    "end": "2026-01-16T12:46:03.169Z",
    "duration": 23821,
    "testsRegistered": 1,
    "passPercent": 100,
    "pendingPercent": 0,
    "other": 0,
    "hasOther": false,
    "skipped": 0,
    "hasSkipped": false
  },
  "results": [
    {
      "uuid": "54faec9c-5c08-4b57-8235-a311f8c8de87",
      "title": "",
      "fullFile": "cypress\\e2e\\funcional\\player-controls.cy.js",
      "file": "cypress\\e2e\\funcional\\player-controls.cy.js",
      "beforeHooks": [],
      "afterHooks": [],
      "tests": [],
      "suites": [
        {
          "uuid": "f1422ebb-228a-4262-b2c1-42658ddae762",
          "title": "Funcional - Player",
          "fullFile": "",
          "file": "",
          "beforeHooks": [],
          "afterHooks": [],
          "tests": [
            {
              "title": "Deve tocar e pausar o vídeo",
              "fullTitle": "Funcional - Player Deve tocar e pausar o vídeo",
              "timedOut": null,
              "duration": 22530,
              "state": "passed",
              "speed": "slow",
              "pass": true,
              "fail": false,
              "pending": false,
              "context": null,
              "code": "cy.visit('https://www.youtube.com/watch?v=dQw4w9WgXcQ');\n_VideoPlayer.default.play();\n_VideoPlayer.default.pause();",
              "err": {},
              "uuid": "7843700f-3148-4a09-bdca-fa9d1a942159",
              "parentUUID": "f1422ebb-228a-4262-b2c1-42658ddae762",
              "isHook": false,
              "skipped": false
            }
          ],
          "suites": [],
          "passes": [
            "7843700f-3148-4a09-bdca-fa9d1a942159"
          ],
          "failures": [],
          "pending": [],
          "skipped": [],
          "duration": 22530,
          "root": false,
          "rootEmpty": false,
          "_timeout": 2000
        }
      ],
      "passes": [],
      "failures": [],
      "pending": [],
      "skipped": [],
      "duration": 0,
      "root": true,
      "rootEmpty": true,
      "_timeout": 2000
    }
  ],
  "meta": {
    "mocha": {
      "version": "7.2.0"
    },
    "mochawesome": {
      "options": {
        "quiet": false,
        "reportFilename": "mochawesome",
        "saveHtml": false,
        "saveJson": true,
        "consoleReporter": "spec",
        "useInlineDiffs": false,
        "code": true
      },
      "version": "7.1.4"
    },
    "marge": {
      "options": {
        "reportDir": "cypress/reports",
        "overwrite": false,
        "html": false,
        "json": true,
        "timestamp": "yyyy-mm-dd_HH-MM-ss"
      },
      "version": "6.3.2"
    }
  }
}